-------------------------------------------------------------------------------
Test set: com.erick.comanda.service.ComandaServiceTest
-------------------------------------------------------------------------------
Tests run: 1, Failures: 0, Errors: 1, Skipped: 0, Time elapsed: 0.016 s <<< FAILURE! - in com.erick.comanda.service.ComandaServiceTest
com.erick.comanda.service.ComandaServiceTest  Time elapsed: 0.016 s  <<< ERROR!
org.junit.platform.commons.JUnitException: @BeforeAll method 'public void com.erick.comanda.service.ComandaServiceTest.setup()' must be static unless the test class is annotated with @TestInstance(Lifecycle.PER_CLASS).

